<?xml version="1.0" encoding="UTF-8"?>
<!-- Generated by org.testng.reporters.JUnitXMLReporter -->
<testsuite ignored="0" hostname="LTIN236781" failures="0" tests="40" name="Surefire test" time="0.253" errors="0" timestamp="2024-02-05T12:41:59 IST">
  <testcase classname="testBase.BaseClass" name="@BeforeClass setup" time="-1.70711711947E9">
    <failure type="org.testng.TestNGException" message="
Parameter &amp;apos;os&amp;apos; is required by BeforeClass on method setup but has not been marked @Optional or defined
">
      <![CDATA[org.testng.TestNGException: 
Parameter 'os' is required by BeforeClass on method setup but has not been marked @Optional or defined

at java.base/java.util.ArrayList.forEach(ArrayList.java:1511)
... Removed 27 stack frames]]>
    </failure>
  </testcase> <!-- @BeforeClass setup -->
  <testcase classname="testBase.BaseClass" name="@AfterClass tearDown" time="0.0">
    <skipped/>
  </testcase> <!-- @AfterClass tearDown -->
  <testcase classname="testBase.BaseClass" name="@BeforeClass setup" time="-1.707117119571E9">
    <failure type="org.testng.TestNGException" message="
Parameter &amp;apos;os&amp;apos; is required by BeforeClass on method setup but has not been marked @Optional or defined
">
      <![CDATA[org.testng.TestNGException: 
Parameter 'os' is required by BeforeClass on method setup but has not been marked @Optional or defined

at java.base/java.util.ArrayList.forEach(ArrayList.java:1511)
... Removed 27 stack frames]]>
    </failure>
  </testcase> <!-- @BeforeClass setup -->
  <testcase classname="testBase.BaseClass" name="@AfterClass tearDown" time="0.0">
    <skipped/>
  </testcase> <!-- @AfterClass tearDown -->
  <testcase classname="testBase.BaseClass" name="@BeforeClass setup" time="-1.707117119607E9">
    <failure type="org.testng.TestNGException" message="
Parameter &amp;apos;os&amp;apos; is required by BeforeClass on method setup but has not been marked @Optional or defined
">
      <![CDATA[org.testng.TestNGException: 
Parameter 'os' is required by BeforeClass on method setup but has not been marked @Optional or defined

at java.base/java.util.ArrayList.forEach(ArrayList.java:1511)
... Removed 27 stack frames]]>
    </failure>
  </testcase> <!-- @BeforeClass setup -->
  <testcase classname="testBase.BaseClass" name="@AfterClass tearDown" time="0.0">
    <skipped/>
  </testcase> <!-- @AfterClass tearDown -->
  <testcase classname="testBase.BaseClass" name="@BeforeClass setup" time="-1.707117119635E9">
    <failure type="org.testng.TestNGException" message="
Parameter &amp;apos;os&amp;apos; is required by BeforeClass on method setup but has not been marked @Optional or defined
">
      <![CDATA[org.testng.TestNGException: 
Parameter 'os' is required by BeforeClass on method setup but has not been marked @Optional or defined

at java.base/java.util.ArrayList.forEach(ArrayList.java:1511)
... Removed 27 stack frames]]>
    </failure>
  </testcase> <!-- @BeforeClass setup -->
  <testcase classname="testBase.BaseClass" name="@AfterClass tearDown" time="0.0">
    <skipped/>
  </testcase> <!-- @AfterClass tearDown -->
  <testcase classname="testCases.TC01_zigWheelsHomeTest" name="clickOnNewBikesTest" time="0.0">
    <skipped/>
  </testcase> <!-- clickOnNewBikesTest -->
  <testcase classname="testCases.TC01_zigWheelsHomeTest" name="clickOnUpcomingBikesTest" time="0.0">
    <skipped/>
  </testcase> <!-- clickOnUpcomingBikesTest -->
  <testcase classname="testCases.TC01_zigWheelsHomeTest" name="clickLoginTest" time="0.001">
    <skipped/>
  </testcase> <!-- clickLoginTest -->
  <testcase classname="testCases.TC01_zigWheelsHomeTest" name="clickGoogleLoginTest" time="0.0">
    <skipped/>
  </testcase> <!-- clickGoogleLoginTest -->
  <testcase classname="testCases.TC01_zigWheelsHomeTest" name="switchToLoginWindowTest" time="0.0">
    <skipped/>
  </testcase> <!-- switchToLoginWindowTest -->
  <testcase classname="testCases.TC01_zigWheelsHomeTest" name="clickOnNewBikesTest" time="0.0">
    <skipped/>
  </testcase> <!-- clickOnNewBikesTest -->
  <testcase classname="testCases.TC01_zigWheelsHomeTest" name="clickOnUpcomingBikesTest" time="0.0">
    <skipped/>
  </testcase> <!-- clickOnUpcomingBikesTest -->
  <testcase classname="testCases.TC02_upcomingBikesTest" name="selectManufracturerTest" time="0.0">
    <skipped/>
  </testcase> <!-- selectManufracturerTest -->
  <testcase classname="testCases.TC02_upcomingBikesTest" name="filterBikesTest" time="0.0">
    <skipped/>
  </testcase> <!-- filterBikesTest -->
  <testcase classname="testCases.TC02_upcomingBikesTest" name="clickUsedCarsTest" time="0.0">
    <skipped/>
  </testcase> <!-- clickUsedCarsTest -->
  <testcase classname="testCases.TC02_upcomingBikesTest" name="selectLocationTest" time="0.0">
    <skipped/>
  </testcase> <!-- selectLocationTest -->
  <testcase classname="testCases.TC01_zigWheelsHomeTest" name="clickLoginTest" time="0.0">
    <skipped/>
  </testcase> <!-- clickLoginTest -->
  <testcase classname="testCases.TC01_zigWheelsHomeTest" name="clickGoogleLoginTest" time="0.0">
    <skipped/>
  </testcase> <!-- clickGoogleLoginTest -->
  <testcase classname="testCases.TC01_zigWheelsHomeTest" name="switchToLoginWindowTest" time="0.0">
    <skipped/>
  </testcase> <!-- switchToLoginWindowTest -->
  <testcase classname="testCases.TC01_zigWheelsHomeTest" name="clickOnNewBikesTest" time="0.0">
    <skipped/>
  </testcase> <!-- clickOnNewBikesTest -->
  <testcase classname="testCases.TC01_zigWheelsHomeTest" name="clickOnUpcomingBikesTest" time="0.0">
    <skipped/>
  </testcase> <!-- clickOnUpcomingBikesTest -->
  <testcase classname="testCases.TC02_upcomingBikesTest" name="selectManufracturerTest" time="0.0">
    <skipped/>
  </testcase> <!-- selectManufracturerTest -->
  <testcase classname="testCases.TC02_upcomingBikesTest" name="filterBikesTest" time="0.0">
    <skipped/>
  </testcase> <!-- filterBikesTest -->
  <testcase classname="testCases.TC02_upcomingBikesTest" name="clickUsedCarsTest" time="0.0">
    <skipped/>
  </testcase> <!-- clickUsedCarsTest -->
  <testcase classname="testCases.TC02_upcomingBikesTest" name="selectLocationTest" time="0.0">
    <skipped/>
  </testcase> <!-- selectLocationTest -->
  <testcase classname="testCases.TC03_usedCarsTest" name="verifyLocTest" time="0.0">
    <skipped/>
  </testcase> <!-- verifyLocTest -->
  <testcase classname="testCases.TC03_usedCarsTest" name="getPopularModelsTest" time="0.0">
    <skipped/>
  </testcase> <!-- getPopularModelsTest -->
  <testcase classname="testCases.TC03_usedCarsTest" name="navigateToHomeTest" time="0.0">
    <skipped/>
  </testcase> <!-- navigateToHomeTest -->
  <testcase classname="testCases.TC01_zigWheelsHomeTest" name="clickLoginTest" time="0.0">
    <skipped/>
  </testcase> <!-- clickLoginTest -->
  <testcase classname="testCases.TC01_zigWheelsHomeTest" name="clickGoogleLoginTest" time="0.0">
    <skipped/>
  </testcase> <!-- clickGoogleLoginTest -->
  <testcase classname="testCases.TC01_zigWheelsHomeTest" name="switchToLoginWindowTest" time="0.001">
    <skipped/>
  </testcase> <!-- switchToLoginWindowTest -->
  <testcase classname="testCases.TC01_zigWheelsHomeTest" name="clickOnNewBikesTest" time="0.0">
    <skipped/>
  </testcase> <!-- clickOnNewBikesTest -->
  <testcase classname="testCases.TC01_zigWheelsHomeTest" name="clickOnUpcomingBikesTest" time="0.0">
    <skipped/>
  </testcase> <!-- clickOnUpcomingBikesTest -->
  <testcase classname="testCases.TC02_upcomingBikesTest" name="selectManufracturerTest" time="0.001">
    <skipped/>
  </testcase> <!-- selectManufracturerTest -->
  <testcase classname="testCases.TC02_upcomingBikesTest" name="filterBikesTest" time="0.0">
    <skipped/>
  </testcase> <!-- filterBikesTest -->
  <testcase classname="testCases.TC02_upcomingBikesTest" name="clickUsedCarsTest" time="0.0">
    <skipped/>
  </testcase> <!-- clickUsedCarsTest -->
  <testcase classname="testCases.TC02_upcomingBikesTest" name="selectLocationTest" time="0.0">
    <skipped/>
  </testcase> <!-- selectLocationTest -->
  <testcase classname="testCases.TC03_usedCarsTest" name="verifyLocTest" time="0.0">
    <skipped/>
  </testcase> <!-- verifyLocTest -->
  <testcase classname="testCases.TC03_usedCarsTest" name="getPopularModelsTest" time="0.0">
    <skipped/>
  </testcase> <!-- getPopularModelsTest -->
  <testcase classname="testCases.TC03_usedCarsTest" name="navigateToHomeTest" time="0.0">
    <skipped/>
  </testcase> <!-- navigateToHomeTest -->
  <testcase classname="testCases.TC01_zigWheelsHomeTest" name="clickLoginTest" time="0.0">
    <skipped/>
  </testcase> <!-- clickLoginTest -->
  <testcase classname="testCases.TC01_zigWheelsHomeTest" name="clickGoogleLoginTest" time="0.0">
    <skipped/>
  </testcase> <!-- clickGoogleLoginTest -->
  <testcase classname="testCases.TC01_zigWheelsHomeTest" name="switchToLoginWindowTest" time="0.0">
    <skipped/>
  </testcase> <!-- switchToLoginWindowTest -->
  <testcase classname="testCases.TC04_googleLoginTest" name="emailInputTest" time="0.0">
    <skipped/>
  </testcase> <!-- emailInputTest -->
  <testcase classname="testCases.TC04_googleLoginTest" name="verifyInputTest" time="0.0">
    <skipped/>
  </testcase> <!-- verifyInputTest -->
</testsuite> <!-- Surefire test -->
